[debug] [2021-03-14T05:42:55.878Z] ----------------------------------------------------------------------
[debug] [2021-03-14T05:42:55.880Z] Command:       /usr/local/bin/node /Users/amandatan/.npm-global/bin/firebase init
[debug] [2021-03-14T05:42:55.881Z] CLI Version:   9.6.1
[debug] [2021-03-14T05:42:55.881Z] Platform:      darwin
[debug] [2021-03-14T05:42:55.881Z] Node Version:  v14.15.4
[debug] [2021-03-14T05:42:55.882Z] Time:          Sun Mar 14 2021 13:42:55 GMT+0800 (Singapore Standard Time)
[debug] [2021-03-14T05:42:55.882Z] ----------------------------------------------------------------------
[debug] [2021-03-14T05:42:55.882Z] 
[debug] [2021-03-14T05:42:55.889Z] > command requires scopes: ["email","openid","https://www.googleapis.com/auth/cloudplatformprojects.readonly","https://www.googleapis.com/auth/firebase","https://www.googleapis.com/auth/cloud-platform"]
[debug] [2021-03-14T05:42:55.890Z] > authorizing via signed-in user
[info] 
     ######## #### ########  ######## ########     ###     ######  ########
     ##        ##  ##     ## ##       ##     ##  ##   ##  ##       ##
     ######    ##  ########  ######   ########  #########  ######  ######
     ##        ##  ##    ##  ##       ##     ## ##     ##       ## ##
     ##       #### ##     ## ######## ########  ##     ##  ######  ########

You're about to initialize a Firebase project in this directory:

  /Users/amandatan/Desktop/online_bakery_with_firestore

[info] 
=== Project Setup
[info] 
[info] First, let's associate this project directory with a Firebase project.
[info] You can create multiple project aliases by running firebase use --add, 
[info] but for now we'll just set up a default project.
[info] 
[debug] [2021-03-14T05:44:36.581Z] >>> [apiv2][query] GET https://firebase.googleapis.com/v1beta1/projects pageSize=100
[debug] [2021-03-14T05:44:37.081Z] <<< [apiv2][status] GET https://firebase.googleapis.com/v1beta1/projects 200
[debug] [2021-03-14T05:44:37.081Z] <<< [apiv2][body] GET https://firebase.googleapis.com/v1beta1/projects [omitted]
[info] i  Using project bt3103-2195f (BT3103) 
[info] 
=== Hosting Setup
[info] 
[info] Your public directory is the folder (relative to your project directory) that
[info] will contain Hosting assets to be uploaded with firebase deploy. If you
[info] have a build process for your assets, use your build's output directory.
[info] 
